<?xml version="1.0" encoding="UTF-8"?>
<testng-results ignored="0" total="3" passed="3" failed="0" skipped="0">
  <reporter-output>
  </reporter-output>
  <suite started-at="2020-11-25T03:44:55Z" name="Default suite" finished-at="2020-11-25T03:46:01Z" duration-ms="65332">
    <groups>
    </groups>
    <test started-at="2020-11-25T03:44:55Z" name="Default test" finished-at="2020-11-25T03:46:01Z" duration-ms="65332">
      <class name="com.weatherforecast.testcases.CompareTemp">
        <test-method signature="compareTemp(java.lang.String)[pri:0, instance:com.weatherforecast.testcases.CompareTemp@16eb3ea3]" started-at="2020-11-25T03:44:56Z" name="compareTemp" data-provider="Temperature" finished-at="2020-11-25T03:45:18Z" duration-ms="21891" status="PASS">
          <params>
            <param index="0">
              <value>
                <![CDATA[Kolkata]]>
              </value>
            </param>
          </params>
          <reporter-output>
          </reporter-output>
        </test-method> <!-- compareTemp -->
        <test-method signature="compareTemp(java.lang.String)[pri:0, instance:com.weatherforecast.testcases.CompareTemp@16eb3ea3]" started-at="2020-11-25T03:45:18Z" name="compareTemp" data-provider="Temperature" finished-at="2020-11-25T03:45:40Z" duration-ms="21764" status="PASS">
          <params>
            <param index="0">
              <value>
                <![CDATA[Delhi]]>
              </value>
            </param>
          </params>
          <reporter-output>
          </reporter-output>
        </test-method> <!-- compareTemp -->
        <test-method signature="compareTemp(java.lang.String)[pri:0, instance:com.weatherforecast.testcases.CompareTemp@16eb3ea3]" started-at="2020-11-25T03:45:40Z" name="compareTemp" data-provider="Temperature" finished-at="2020-11-25T03:46:01Z" duration-ms="20662" status="PASS">
          <params>
            <param index="0">
              <value>
                <![CDATA[Mumbai]]>
              </value>
            </param>
          </params>
          <reporter-output>
          </reporter-output>
        </test-method> <!-- compareTemp -->
      </class> <!-- com.weatherforecast.testcases.CompareTemp -->
    </test> <!-- Default test -->
  </suite> <!-- Default suite -->
</testng-results>
