<?xml version="1.0" encoding="UTF-8"?>
<!-- Generated by org.testng.reporters.JUnitXMLReporter -->
<testsuite ignored="0" hostname="SubhransuSSN" failures="0" tests="3" name="Test" time="60.184" errors="0" timestamp="25 Nov 2020 04:44:25 GMT">
  <testcase classname="com.weatherforecast.testcases.CompareTemp" name="compareTemp" time="21.618"/>
  <testcase classname="com.weatherforecast.testcases.CompareTemp" name="compareTemp" time="18.879"/>
  <testcase classname="com.weatherforecast.testcases.CompareTemp" name="compareTemp" time="18.697"/>
</testsuite> <!-- Test -->
