<?xml version="1.0" encoding="UTF-8"?>
<!-- Generated by org.testng.reporters.JUnitXMLReporter -->
<testsuite ignored="0" hostname="SubhransuSSN" failures="0" tests="5" name="Test" time="61.046" errors="0" timestamp="24 Nov 2020 03:54:30 GMT">
  <testcase classname="com.weatherforecast.testcases.GetCityTempAPI" name="getCityTempAPI" time="4.237"/>
  <testcase classname="com.weatherforecast.testcases.SearchCityTemp" name="searchCityTemp" time="18.9"/>
  <testcase classname="com.weatherforecast.testcases.CompareTemp" name="compareTemp" time="21.116"/>
  <testcase classname="com.weatherforecast.testcases.CompareTemp" name="compareTemp" time="21.939"/>
  <testcase classname="com.weatherforecast.testcases.CompareTemp" name="compareTemp" time="16.959"/>
</testsuite> <!-- Test -->
