<?xml version="1.0" encoding="UTF-8"?>
<!-- Generated by org.testng.reporters.JUnitXMLReporter -->
<testsuite ignored="0" hostname="SubhransuSSN" failures="0" tests="3" name="Default test" time="57.049" errors="0" timestamp="22 Nov 2020 10:37:52 GMT">
  <testcase classname="com.weatherforecast.testcases.CompareTemp" name="compareTemp" time="20.803"/>
  <testcase classname="com.weatherforecast.testcases.CompareTemp" name="compareTemp" time="17.149"/>
  <testcase classname="com.weatherforecast.testcases.CompareTemp" name="compareTemp" time="18.302"/>
</testsuite> <!-- Default test -->
