<?xml version="1.0" encoding="UTF-8"?>
<!-- Generated by org.testng.reporters.JUnitXMLReporter -->
<testsuite ignored="0" hostname="SubhransuSSN" failures="0" tests="3" name="Default test" time="65.332" errors="0" timestamp="25 Nov 2020 03:46:01 GMT">
  <testcase classname="com.weatherforecast.testcases.CompareTemp" name="compareTemp" time="21.891"/>
  <testcase classname="com.weatherforecast.testcases.CompareTemp" name="compareTemp" time="21.764"/>
  <testcase classname="com.weatherforecast.testcases.CompareTemp" name="compareTemp" time="20.662"/>
</testsuite> <!-- Default test -->
